[INFO] WorldEdit: KarmatiKuade (in "store"): /wand
[INFO] WorldEdit: KarmatiKuade (in "store"): up 0 - Position: (-258.7630899164999, 111.4656403494407, 3.270041899578816)
[INFO] WorldEdit: KarmatiKuade (in "survival"): up 0 - Position: (-805.2297820618892, 70.93891875490058, 34.89959356820667)
[INFO] WorldEdit: KarmatiKuade (in "survival"): up 0 - Position: (-805.5, 70, 34.5)
[INFO] WorldEdit: KarmatiKuade (in "survival"): up 100 - Position: (-805.5, 70, 34.5)
[INFO] WorldEdit: KarmatiKuade (in "survival"): up 100 - Position: (-805.5, 170, 34.5)
[INFO] WorldEdit: KarmatiKuade (in "survival"): /undo
[INFO] WorldEdit: KarmatiKuade (in "survival"): /undo
[INFO] WorldEdit: KarmatiKuade (in "survival"): up 100 - Position: (-805.5, 253.54282735571803, 34.5)
[INFO] WorldEdit: KarmatiKuade (in "survival"): up 100 - Position: (-805.5, 256, 34.5)
[INFO] WorldEdit: KarmatiKuade (in "survival"): up 100 - Position: (-805.5, 256, 34.5)
[INFO] WorldEdit: KarmatiKuade (in "survival"): /undo
[INFO] WorldEdit: KarmatiKuade (in "survival"): up 500 - Position: (-852.8391326111595, 64, 37.66498854577427)
[INFO] WorldEdit: KarmatiKuade (in "survival"): up 500 - Position: (-852.5, 256, 37.5)
[INFO] WorldEdit: Greenghost72 (in "survival"): /wand
[INFO] WorldEdit: Greenghost72 (in "survival"): /set 0 - Region: (-339, 63, 14) - (-334, 63, 19)
[INFO] WorldEdit: Greenghost72 (in "survival"): /set 0 - Region: (-339, 58, 14) - (-334, 62, 19)
[INFO] WorldEdit: Greenghost72 (in "survival"): /undo
[INFO] WorldEdit: Greenghost72 (in "survival"): /undo
[INFO] WorldEdit: Greenghost72 (in "survival"): /set 2 - Region: (-255, 70, 45) - (-252, 88, 49)
[INFO] WorldEdit: Greenghost72 (in "survival"): /undo
[INFO] WorldEdit: Greenghost72 (in "survival"): /wand
[INFO] WorldEdit: Greenghost72 (in "survival"): /set 0 - Region: (-259, 84, -16) - (-234, 85, 39)
[INFO] WorldEdit: Greenghost72 (in "survival"): /set 0 - Region: (-256, 86, -16) - (-235, 86, 39)
[INFO] WorldEdit: Greenghost72 (in "survival"): /set 0 - Region: (-253, 87, -11) - (-238, 87, 39)
[INFO] WorldEdit: Greenghost72 (in "survival"): /set brick - Region: (-259, 83, -16) - (-234, 83, 39)
[INFO] WorldEdit: Greenghost72 (in "survival"): /set 3 - Region: (-259, 83, -16) - (-234, 83, 39)
[INFO] WorldEdit: Greenghost72 (in "survival"): /set 4 - Region: (-259, 83, -16) - (-234, 83, 39)
[INFO] WorldEdit: Greenghost72 (in "survival"): /set 5 - Region: (-259, 83, -16) - (-234, 83, 39)
[INFO] WorldEdit: Greenghost72 (in "survival"): /set 0 - Region: (-259, 83, -16) - (-234, 83, 39)
[INFO] WorldEdit: Greenghost72 (in "survival"): /set 0 - Region: (-260, 83, -17) - (-234, 83, 40)
[INFO] WorldEdit: Greenghost72 (in "survival"): /set 0 - Region: (-260, 83, -18) - (-233, 83, 40)
[INFO] WorldEdit: Greenghost72 (in "survival"): /undo
[INFO] WorldEdit: Greenghost72 (in "survival"): /undo
[INFO] WorldEdit: Greenghost72 (in "survival"): /undo
[INFO] WorldEdit: Greenghost72 (in "survival"): /undo
[INFO] WorldEdit: Greenghost72 (in "survival"): /undo
[INFO] WorldEdit: Greenghost72 (in "survival"): /undo
[INFO] WorldEdit: Greenghost72 (in "survival"): /undo
[INFO] WorldEdit: Greenghost72 (in "survival"): /undo
[INFO] WorldEdit: Greenghost72 (in "survival"): /undo
[INFO] WorldEdit: Greenghost72 (in "survival"): /undo
[INFO] WorldEdit: Greenghost72 (in "survival"): /undo
[INFO] WorldEdit: Greenghost72 (in "survival"): /undo
[INFO] WorldEdit: Greenghost72 (in "survival"): /undo
[INFO] WorldEdit: Greenghost72 (in "survival"): /undo
[INFO] WorldEdit: Greenghost72 (in "survival"): /set 0 - Region: (-421, 39, -645) - (-364, 41, -588)
[INFO] WorldEdit: Greenghost72 (in "survival"): /undo
[INFO] WorldEdit: Greenghost72 (in "store"): /wand
[INFO] WorldEdit: Greenghost72 (in "store"): /wand
[INFO] WorldEdit: Greenghost72 (in "store"): /wand
[INFO] WorldEdit: Greenghost72 (in "store"): /wand
[INFO] WorldEdit: Greenghost72 (in "store"): /wand
[INFO] WorldEdit: Greenghost72 (in "store"): /wand
[INFO] WorldEdit: Greenghost72 (in "store"): /wand
[INFO] WorldEdit: Greenghost72 (in "store"): /wand
[INFO] WorldEdit: Greenghost72 (in "store"): /wand
[INFO] WorldEdit: Greenghost72 (in "store"): /wand
[INFO] WorldEdit: KarmatiKuade (in "Buildings"): /wand
[INFO] WorldEdit: KarmatiKuade (in "Buildings"): up 0 - Position: (-10.857990125606825, 23.325936044244184, 20.09182082510842)
[INFO] WorldEdit: KarmatiKuade (in "Buildings"): tree
[INFO] WorldEdit: KarmatiKuade (in "Buildings"): tree
[INFO] WorldEdit: KarmatiKuade (in "Buildings"): up 0 - Position: (-9.057821497356937, 17.844441047904233, 21.792269664823543)
[INFO] WorldEdit: KarmatiKuade (in "Buildings"): up 0 - Position: (5.651217378154532, 18.26788291705678, 22.95696753499583)
[INFO] WorldEdit: KarmatiKuade (in "spawn"): update
[INFO] WorldEdit: KarmatiKuade (in "store"): /wand
[INFO] WorldEdit: KarmatiKuade (in "store"): /set 166 - Region: (-185, 61, 62) - (-183, 61, 62)
[INFO] WorldEdit: KarmatiKuade (in "store"): /set 166 - Region: (-193, 61, 63) - (-193, 61, 65)
[INFO] WorldEdit: KarmatiKuade (in "spawn"): /wand
[INFO] WorldEdit: KarmatiKuade (in "spawn"): /set 159 - Region: (-18, 164, -17) - (-18, 172, -10)
[INFO] WorldEdit: KarmatiKuade (in "spawn"): /set 159 - Region: (-18, 164, -9) - (-18, 172, -9)
[INFO] WorldEdit: KarmatiKuade (in "spawn"): up 0 - Position: (19.543129324487754, 108.19289563758485, 19.26323229830176)
[INFO] WorldEdit: KarmatiKuade (in "survival"): /wand
[INFO] WorldEdit: KarmatiKuade (in "survival"): up 0 - Position: (-263.0306448483891, 89.13272631569563, 38.97642816732247)
[INFO] WorldEdit: KarmatiKuade (in "survival"): up 0 - Position: (-263.5734905793797, 89, 46.703570901361886)
[INFO] WorldEdit: KarmatiKuade (in "survival"): up 0 - Position: (-182.5431374220703, 103.60493922863843, -36.35299826870674)
[INFO] WorldEdit: KarmatiKuade (in "survival"): /set 0 - Region: (-264, 88, -37) - (-183, 102, 46)
[INFO] WorldEdit: Greenghost72 (in "survival"): /wand
[INFO] WorldEdit: Greenghost72 (in "survival"): /set 2 - Region: (-239, 87, -3) - (-227, 87, 4)
[INFO] WorldEdit: Greenghost72 (in "survival"): /set 2 - Region: (-235, 87, -13) - (-227, 87, -4)
[INFO] WorldEdit: Greenghost72 (in "survival"): /set 2 - Region: (-226, 87, -10) - (-225, 87, -6)
[INFO] WorldEdit: Greenghost72 (in "survival"): /set 2 - Region: (-242, 87, -11) - (-235, 87, 0)
[INFO] WorldEdit: Greenghost72 (in "survival"): /set 2 - Region: (-240, 87, 5) - (-237, 87, 20)
[INFO] WorldEdit: Greenghost72 (in "survival"): /set 2 - Region: (-236, 86, 4) - (-228, 86, 4)
[INFO] WorldEdit: Greenghost72 (in "survival"): /set 2 - Region: (-237, 87, 4) - (-231, 87, 30)
[INFO] WorldEdit: Greenghost72 (in "survival"): /set 2 - Region: (-227, 87, 2) - (-215, 87, 4)
[INFO] WorldEdit: Greenghost72 (in "survival"): /wand
[INFO] WorldEdit: Greenghost72 (in "survival"): /set 2 - Region: (-236, 86, 5) - (-233, 86, 25)
[INFO] WorldEdit: KarmatiKuade (in "survival"): /wand
[INFO] WorldEdit: KarmatiKuade (in "survival"): /replace 0 159:5 - Region: (-246, 87, 19) - (-238, 87, 31)
[INFO] WorldEdit: KarmatiKuade (in "survival"): /replace 0 159:5 - Region: (-248, 87, 3) - (-238, 87, 32)
[INFO] WorldEdit: Greenghost72 (in "survival"): /set 0 - Region: (-224, 87, -11) - (-223, 87, -2)
[INFO] WorldEdit: Greenghost72 (in "survival"): /set 5 - Region: (-218, 88, 1) - (-208, 94, 1)
[INFO] WorldEdit: Greenghost72 (in "survival"): /set 5 - Region: (-208, 88, -9) - (-208, 94, 1)
[INFO] WorldEdit: Greenghost72 (in "survival"): /set 5 - Region: (-219, 88, -15) - (-209, 94, -15)
[INFO] WorldEdit: KarmatiKuade (in "survival"): /wand
[INFO] WorldEdit: KarmatiKuade (in "survival"): /replace 0 159:5 - Region: (-247, 87, -11) - (-230, 87, 11)
[INFO] WorldEdit: KarmatiKuade (in "survival"): /wand
[INFO] WorldEdit: KarmatiKuade (in "survival"): /replace 0 0,TNT - Region: (-219, 88, -15) - (-209, 95, 1)
[INFO] WorldEdit: Greenghost72 (in "survival"): up 1 - Position: (-261.6562772510153, 91.4008837644014, 45.4594821648247)
[INFO] WorldEdit: Greenghost72 (in "survival"): /wand
[INFO] WorldEdit: Greenghost72 (in "survival"): /set 46 - Region: (-262, 87, -16) - (-198, 91, 45)
[INFO] WorldEdit: KarmatiKuade (in "survival"): /wand
[INFO] WorldEdit: KarmatiKuade (in "survival"): /set 1 - Region: (-523, 62, 100) - (-505, 62, 105)
[INFO] WorldEdit: KarmatiKuade (in "survival"): /wand
[INFO] WorldEdit: KarmatiKuade (in "survival"): /replace 0 5:· - Region: (-522, 67, 108) - (-506, 67, 119)
[INFO] WorldEdit: KarmatiKuade (in "survival"): /replace 5 5:2 - Region: (-522, 67, 108) - (-506, 67, 119)
[INFO] WorldEdit: KarmatiKuade (in "survival"): /replace 5:2 1 - Region: (-517, 63, 117) - (-511, 66, 119)
[INFO] WorldEdit: KarmatiKuade (in "survival"): /replace 1 95:14 - Region: (-517, 63, 117) - (-511, 66, 119)
[INFO] WorldEdit: KarmatiKuade (in "survival"): /wand
[INFO] WorldEdit: KarmatiKuade (in "survival"): up 0 - Position: (-484.40235443408193, 84.59101813131478, 139.20236377069034)
[INFO] WorldEdit: KarmatiKuade (in "survival"): /copy
[INFO] WorldEdit: KarmatiKuade (in "survival"): save Casa
[INFO] WorldEdit: KarmatiKuade (in "survival"): up 0 - Position: (-513.9032052806829, 109.22370814609887, 101.70604042826686)
