19-06-26 22:38:04 [INFORMACIÓN] Logger started.
19-06-26 22:38:04 [INFORMACIÓN] Logging system initialized.
19-06-26 22:38:04 [INFORMACIÓN] Detected Minecraft version: 1.8
19-06-26 22:38:22 [INFORMACIÓN] McAccess set to: 1.8 / Spigot-CB-1.8_R1
19-06-26 22:38:22 [INFORMACIÓN] Added block-info for Minecraft 1.5 blocks.
19-06-26 22:38:22 [INFORMACIÓN] Added block-info for Minecraft 1.6.1 blocks.
19-06-26 22:38:22 [INFORMACIÓN] Added block-info for Minecraft 1.7.2 blocks.
19-06-26 22:38:22 [INFORMACIÓN] Added block-info for Minecraft 1.8 blocks.
19-06-26 22:38:22 [INFORMACIÓN] Update block-info: WATER_LILY block shape patch for multi client protocol support around 1.7.x - 1.11.x.
19-06-26 22:38:22 [ADVERTENCIA] Bad block id (compatibility.blocks.overrideflags): 208
19-06-26 22:38:22 [INFORMACIÓN] Inventory checks: FastConsume is available, disabled InstantEat.
19-06-26 22:38:22 [INFORMACIÓN] Adding packet level hooks for ProtocolLib (MC 1.8.0)...
19-06-26 22:38:22 [INFORMACIÓN] Confirm teleport packet available (via name): TELEPORT_ACCEPT[PLAY, CLIENT, 0, classNames: [PacketPlayInTeleportAccept] (unregistered)]
19-06-26 22:38:22 [INFORMACIÓN] Available (and activated) packet level hooks: UseEntityAdapter | MovingFlying | OutgoingPosition | KeepAliveAdapter | SoundDistance | CatchAllAdapter
19-06-26 22:38:22 [INFORMACIÓN] Version 3.16.0-RC-sMD5NET-b1134 is enabled.
19-06-26 22:38:33 [INFORMACIÓN] [GenericInstanceRegistry] Registered for itself: fr.neatmonster.nocheatplus.stats.Counters
19-06-26 22:38:33 [INFORMACIÓN] [GenericInstanceRegistry] Registered for itself: fr.neatmonster.nocheatplus.checks.workaround.WRPT
19-06-26 22:38:33 [INFORMACIÓN] [GenericInstanceRegistry] Registered for itself: fr.neatmonster.nocheatplus.checks.moving.location.tracking.LocationTrace$TraceEntryPool
19-06-26 22:38:33 [INFORMACIÓN] [GenericInstanceRegistry] Registered for itself: fr.neatmonster.nocheatplus.utilities.entity.PassengerUtil
19-06-26 22:38:33 [INFORMACIÓN] [GenericInstanceRegistry] Registered for itself: java.util.Random
19-06-26 22:38:33 [INFORMACIÓN] [GenericInstanceRegistry] Registered for fr.neatmonster.nocheatplus.compat.IBridgeCrossPlugin: fr.neatmonster.nocheatplus.compat.meta.BridgeCrossPlugin
19-06-26 22:38:33 [INFORMACIÓN] [GenericInstanceRegistry] Registered for fr.neatmonster.nocheatplus.compat.MCAccess: fr.neatmonster.nocheatplus.compat.spigotcb1_8_R1.MCAccessSpigotCB1_8_R1
19-06-26 22:38:33 [INFORMACIÓN] [GenericInstanceRegistry] Registered for fr.neatmonster.nocheatplus.utilities.map.BlockCache: fr.neatmonster.nocheatplus.compat.spigotcb1_8_R1.BlockCacheSpigotCB1_8_R1
19-06-26 22:38:33 [INFORMACIÓN] Post-enable running...
19-06-26 22:38:33 [INFORMACIÓN] [GenericInstanceRegistry] Registered for fr.neatmonster.nocheatplus.components.modifier.IAttributeAccess: fr.neatmonster.nocheatplus.compat.spigotcb1_8_R1.AttributeAccess
19-06-26 22:38:33 [INFORMACIÓN] [GenericInstanceRegistry] Registered for fr.neatmonster.nocheatplus.components.entity.IEntityAccessLastPositionAndLook: fr.neatmonster.nocheatplus.compat.cbreflect.reflect.ReflectEntityLastPositionAndLook
19-06-26 22:38:33 [INFORMACIÓN] [GenericInstanceRegistry] Registered for fr.neatmonster.nocheatplus.components.entity.IEntityAccessVehicle: fr.neatmonster.nocheatplus.compat.bukkit.EntityAccessVehicleLegacy
19-06-26 22:38:33 [INFORMACIÓN] [GenericInstanceRegistry] Registered for itself: fr.neatmonster.nocheatplus.checks.moving.util.AuxMoving
19-06-26 22:38:33 [INFORMACIÓN] Added hook: AllViolations(NCP) [1.0].
19-06-26 22:38:33 [INFORMACIÓN] Added hook: NPCDragDownHook | PNCP [2.0].
19-06-26 22:38:34 [INFORMACIÓN] Post-enable finished.
19-06-26 22:38:34 [ADVERTENCIA] The block breaking data is incomplete, default to allow instant breaking:
--- Missing entries -------------------------------
* MISSING (LOCKED_CHEST / SOLID+GROUND) 
19-06-26 22:38:34 [INFORMACIÓN] ---- Version information ----
#### Server ####
git-Spigot-550ebac-7019900 ~MC: 1.8~
  detected: 1.8
#### NoCheatPlus ####
Plugin: 3.16.0-RC-sMD5NET-b1134
MCAccess: 1.8 / Spigot-CB-1.8_R1
Features:
  blocks: BlocksMC1_4 | BlocksMC1_5 | BlocksMC1_6_1 | BlocksMC1_7_2 | BlocksMC1_8
  checks: FastConsume | Gutenberg | AttackFrequency | FlyingFrequency | KeepAliveFrequency
  defaults: pvpKnockBackVelocity
  packet-listeners: UseEntityAdapter | MovingFlying | OutgoingPosition | KeepAliveAdapter | SoundDistance | CatchAllAdapter
Hooks: AllViolations~NCP~ 1.0 | NPCDragDownHook | PNCP 2.0
#### Related Plugins ####
ProtocolLib v4.4.0 | ViaVersion v2.1.2 | PNCP v2.0
19-06-26 22:47:57 [INFORMACIÓN] §cNCP: §fReloading configuration...
19-06-26 22:47:57 [INFORMACIÓN] Logger started.
19-06-26 22:47:57 [INFORMACIÓN] McAccess set to: 1.8 / Spigot-CB-1.8_R1
19-06-26 22:47:57 [INFORMACIÓN] §cNCP: §fConfiguration reloaded.
19-06-26 22:47:57 [INFORMACIÓN] [GenericInstanceRegistry] Registered (override) for fr.neatmonster.nocheatplus.compat.MCAccess: fr.neatmonster.nocheatplus.compat.spigotcb1_8_R1.MCAccessSpigotCB1_8_R1
19-06-26 22:47:57 [INFORMACIÓN] [GenericInstanceRegistry] Registered (override) for fr.neatmonster.nocheatplus.utilities.map.BlockCache: fr.neatmonster.nocheatplus.compat.spigotcb1_8_R1.BlockCacheSpigotCB1_8_R1
19-06-26 22:47:57 [INFORMACIÓN] [GenericInstanceRegistry] Registered (override) for fr.neatmonster.nocheatplus.components.modifier.IAttributeAccess: fr.neatmonster.nocheatplus.compat.spigotcb1_8_R1.AttributeAccess
19-06-26 22:47:57 [INFORMACIÓN] [GenericInstanceRegistry] Registered (override) for fr.neatmonster.nocheatplus.components.entity.IEntityAccessLastPositionAndLook: fr.neatmonster.nocheatplus.compat.cbreflect.reflect.ReflectEntityLastPositionAndLook
19-06-26 22:47:57 [INFORMACIÓN] [GenericInstanceRegistry] Registered (override) for fr.neatmonster.nocheatplus.components.entity.IEntityAccessVehicle: fr.neatmonster.nocheatplus.compat.bukkit.EntityAccessVehicleLegacy
19-06-26 22:47:57 [INFORMACIÓN] Added block-info for Minecraft 1.5 blocks.
19-06-26 22:47:57 [INFORMACIÓN] Added block-info for Minecraft 1.6.1 blocks.
19-06-26 22:47:57 [INFORMACIÓN] Added block-info for Minecraft 1.7.2 blocks.
19-06-26 22:47:57 [INFORMACIÓN] Added block-info for Minecraft 1.8 blocks.
19-06-26 22:47:57 [INFORMACIÓN] Update block-info: WATER_LILY block shape patch for multi client protocol support around 1.7.x - 1.11.x.
19-06-26 22:47:57 [ADVERTENCIA] Bad block id (compatibility.blocks.overrideflags): 208
19-06-26 22:47:57 [INFORMACIÓN] Removed hook: AllViolations(NCP) [1.0].
19-06-26 22:47:57 [INFORMACIÓN] Added hook: AllViolations(NCP) [1.0].
19-06-26 22:47:57 [INFORMACIÓN] Inventory checks: FastConsume is available, disabled InstantEat.
19-06-26 22:47:57 [INFORMACIÓN] Adding packet level hooks for ProtocolLib (MC 1.8.0)...
19-06-26 22:47:57 [INFORMACIÓN] Confirm teleport packet available (via name): TELEPORT_ACCEPT[PLAY, CLIENT, 0, classNames: [PacketPlayInTeleportAccept] (unregistered)]
19-06-26 22:47:57 [INFORMACIÓN] Available (and activated) packet level hooks: UseEntityAdapter | MovingFlying | OutgoingPosition | KeepAliveAdapter | SoundDistance | CatchAllAdapter
19-06-26 22:47:57 [INFORMACIÓN] ---- Version information ----
#### Server ####
git-Spigot-550ebac-7019900 ~MC: 1.8~
  detected: 1.8
#### NoCheatPlus ####
Plugin: 3.16.0-RC-sMD5NET-b1134
MCAccess: 1.8 / Spigot-CB-1.8_R1
Features:
  blocks: BlocksMC1_4 | BlocksMC1_5 | BlocksMC1_6_1 | BlocksMC1_7_2 | BlocksMC1_8
  checks: FastConsume | Gutenberg | AttackFrequency | FlyingFrequency | KeepAliveFrequency
  defaults: pvpKnockBackVelocity
  packet-listeners: UseEntityAdapter | MovingFlying | OutgoingPosition | KeepAliveAdapter | SoundDistance | CatchAllAdapter
Hooks: AllViolations~NCP~ 1.0 | NPCDragDownHook | PNCP 2.0
#### Related Plugins ####
ProtocolLib v4.4.0 | ViaVersion v2.1.2 | PNCP v2.0
19-06-26 22:47:57 [ADVERTENCIA] The block breaking data is incomplete, default to allow instant breaking:
--- Missing entries -------------------------------
* MISSING (LOCKED_CHEST / SOLID+GROUND) 
19-06-26 23:09:03 [INFORMACIÓN] PacketPlayOutPosition: Teleport confirm id not available, field mismatch: 0
19-06-27 00:02:50 [INFORMACIÓN] Removed hook: AllViolations(NCP) [1.0].
19-06-27 00:02:50 [INFORMACIÓN] Removed hook: NPCDragDownHook | PNCP [2.0].
19-06-27 00:02:50 [DETALLADO] | cancel.dead 0 | cancel.offline 0 | block.interact.look.current 3205 (3205/0) | block.interact.look.flying.first 9 (9/0) | block.interact.look.flying.other 2 (2/0) | illegalitem 0 | boatsanywhere 0 | throwenderpearl 0 | fakeinvulnerable 0 | eggonentity 0 | event.player.move 37525 (37525/0) | packet.nullplayer 0 | packet.inconsistent.isasync 0 | packet.flying 64411 (0/64411) | packet.flying.asynchronous 64411 (0/64411) | packet.outgoing_position.untracked 1 (1/0) | packet.sound.cancel 0 |
19-06-27 00:02:50 [INFORMACIÓN] [GenericInstanceRegistry] Registry cleared.
19-06-28 04:08:47 [INFORMACIÓN] Logger started.
19-06-28 04:08:47 [INFORMACIÓN] Logging system initialized.
19-06-28 04:08:47 [INFORMACIÓN] Detected Minecraft version: 1.8
19-06-28 04:09:11 [INFORMACIÓN] McAccess set to: 1.8 / Spigot-CB-1.8_R1
19-06-28 04:09:11 [INFORMACIÓN] Added block-info for Minecraft 1.5 blocks.
19-06-28 04:09:11 [INFORMACIÓN] Added block-info for Minecraft 1.6.1 blocks.
19-06-28 04:09:11 [INFORMACIÓN] Added block-info for Minecraft 1.7.2 blocks.
19-06-28 04:09:11 [INFORMACIÓN] Added block-info for Minecraft 1.8 blocks.
19-06-28 04:09:11 [INFORMACIÓN] Update block-info: WATER_LILY block shape patch for multi client protocol support around 1.7.x - 1.11.x.
19-06-28 04:09:11 [ADVERTENCIA] Bad block id (compatibility.blocks.overrideflags): 208
19-06-28 04:09:11 [INFORMACIÓN] Inventory checks: FastConsume is available, disabled InstantEat.
19-06-28 04:09:11 [INFORMACIÓN] Adding packet level hooks for ProtocolLib (MC 1.8.0)...
19-06-28 04:09:11 [INFORMACIÓN] Confirm teleport packet available (via name): TELEPORT_ACCEPT[PLAY, CLIENT, 0, classNames: [PacketPlayInTeleportAccept] (unregistered)]
19-06-28 04:09:11 [INFORMACIÓN] Available (and activated) packet level hooks: UseEntityAdapter | MovingFlying | OutgoingPosition | KeepAliveAdapter | SoundDistance | CatchAllAdapter
19-06-28 04:09:11 [INFORMACIÓN] Version 3.16.0-RC-sMD5NET-b1134 is enabled.
19-06-28 04:09:29 [INFORMACIÓN] Post-enable running...
19-06-28 04:09:29 [INFORMACIÓN] [GenericInstanceRegistry] Registered for itself: fr.neatmonster.nocheatplus.stats.Counters
19-06-28 04:09:29 [INFORMACIÓN] [GenericInstanceRegistry] Registered for itself: fr.neatmonster.nocheatplus.checks.workaround.WRPT
19-06-28 04:09:29 [INFORMACIÓN] [GenericInstanceRegistry] Registered for itself: fr.neatmonster.nocheatplus.checks.moving.location.tracking.LocationTrace$TraceEntryPool
19-06-28 04:09:29 [INFORMACIÓN] [GenericInstanceRegistry] Registered for itself: fr.neatmonster.nocheatplus.utilities.entity.PassengerUtil
19-06-28 04:09:29 [INFORMACIÓN] [GenericInstanceRegistry] Registered for itself: java.util.Random
19-06-28 04:09:29 [INFORMACIÓN] [GenericInstanceRegistry] Registered for fr.neatmonster.nocheatplus.compat.IBridgeCrossPlugin: fr.neatmonster.nocheatplus.compat.meta.BridgeCrossPlugin
19-06-28 04:09:29 [INFORMACIÓN] [GenericInstanceRegistry] Registered for fr.neatmonster.nocheatplus.compat.MCAccess: fr.neatmonster.nocheatplus.compat.spigotcb1_8_R1.MCAccessSpigotCB1_8_R1
19-06-28 04:09:29 [INFORMACIÓN] [GenericInstanceRegistry] Registered for fr.neatmonster.nocheatplus.utilities.map.BlockCache: fr.neatmonster.nocheatplus.compat.spigotcb1_8_R1.BlockCacheSpigotCB1_8_R1
19-06-28 04:09:29 [INFORMACIÓN] [GenericInstanceRegistry] Registered for fr.neatmonster.nocheatplus.components.modifier.IAttributeAccess: fr.neatmonster.nocheatplus.compat.spigotcb1_8_R1.AttributeAccess
19-06-28 04:09:29 [INFORMACIÓN] [GenericInstanceRegistry] Registered for fr.neatmonster.nocheatplus.components.entity.IEntityAccessLastPositionAndLook: fr.neatmonster.nocheatplus.compat.cbreflect.reflect.ReflectEntityLastPositionAndLook
19-06-28 04:09:29 [INFORMACIÓN] [GenericInstanceRegistry] Registered for fr.neatmonster.nocheatplus.components.entity.IEntityAccessVehicle: fr.neatmonster.nocheatplus.compat.bukkit.EntityAccessVehicleLegacy
19-06-28 04:09:29 [INFORMACIÓN] [GenericInstanceRegistry] Registered for itself: fr.neatmonster.nocheatplus.checks.moving.util.AuxMoving
19-06-28 04:09:29 [INFORMACIÓN] Added hook: AllViolations(NCP) [1.0].
19-06-28 04:09:29 [INFORMACIÓN] Added hook: NPCDragDownHook | PNCP [2.0].
19-06-28 04:09:31 [INFORMACIÓN] Post-enable finished.
19-06-28 04:09:31 [ADVERTENCIA] The block breaking data is incomplete, default to allow instant breaking:
--- Missing entries -------------------------------
* MISSING (LOCKED_CHEST / SOLID+GROUND) 
19-06-28 04:09:32 [INFORMACIÓN] ---- Version information ----
#### Server ####
git-Spigot-550ebac-7019900 ~MC: 1.8~
  detected: 1.8
#### NoCheatPlus ####
Plugin: 3.16.0-RC-sMD5NET-b1134
MCAccess: 1.8 / Spigot-CB-1.8_R1
Features:
  blocks: BlocksMC1_4 | BlocksMC1_5 | BlocksMC1_6_1 | BlocksMC1_7_2 | BlocksMC1_8
  checks: FastConsume | Gutenberg | AttackFrequency | FlyingFrequency | KeepAliveFrequency
  defaults: pvpKnockBackVelocity
  packet-listeners: UseEntityAdapter | MovingFlying | OutgoingPosition | KeepAliveAdapter | SoundDistance | CatchAllAdapter
Hooks: AllViolations~NCP~ 1.0 | NPCDragDownHook | PNCP 2.0
#### Related Plugins ####
ProtocolLib v4.4.0 | ViaVersion v2.1.2 | PNCP v2.0
19-06-28 04:10:13 [INFORMACIÓN] PacketPlayOutPosition: Teleport confirm id not available, field mismatch: 0
19-07-01 14:40:48 [INFORMACIÓN] Logger started.
19-07-01 14:40:48 [INFORMACIÓN] Logging system initialized.
19-07-01 14:40:48 [INFORMACIÓN] Detected Minecraft version: 1.8
19-07-01 14:41:09 [INFORMACIÓN] McAccess set to: 1.8 / Spigot-CB-1.8_R1
19-07-01 14:41:09 [INFORMACIÓN] Added block-info for Minecraft 1.5 blocks.
19-07-01 14:41:09 [INFORMACIÓN] Added block-info for Minecraft 1.6.1 blocks.
19-07-01 14:41:09 [INFORMACIÓN] Added block-info for Minecraft 1.7.2 blocks.
19-07-01 14:41:09 [INFORMACIÓN] Added block-info for Minecraft 1.8 blocks.
19-07-01 14:41:09 [INFORMACIÓN] Update block-info: WATER_LILY block shape patch for multi client protocol support around 1.7.x - 1.11.x.
19-07-01 14:41:09 [ADVERTENCIA] Bad block id (compatibility.blocks.overrideflags): 208
19-07-01 14:41:09 [INFORMACIÓN] Inventory checks: FastConsume is available, disabled InstantEat.
19-07-01 14:41:09 [INFORMACIÓN] Adding packet level hooks for ProtocolLib (MC 1.8.0)...
19-07-01 14:41:09 [INFORMACIÓN] Confirm teleport packet available (via name): TELEPORT_ACCEPT[PLAY, CLIENT, 0, classNames: [PacketPlayInTeleportAccept] (unregistered)]
19-07-01 14:41:09 [INFORMACIÓN] Available (and activated) packet level hooks: UseEntityAdapter | MovingFlying | OutgoingPosition | KeepAliveAdapter | SoundDistance | CatchAllAdapter
19-07-01 14:41:09 [INFORMACIÓN] Version 3.16.0-RC-sMD5NET-b1134 is enabled.
19-07-01 14:41:23 [INFORMACIÓN] Post-enable running...
19-07-01 14:41:23 [INFORMACIÓN] [GenericInstanceRegistry] Registered for itself: fr.neatmonster.nocheatplus.stats.Counters
19-07-01 14:41:23 [INFORMACIÓN] [GenericInstanceRegistry] Registered for itself: fr.neatmonster.nocheatplus.checks.workaround.WRPT
19-07-01 14:41:23 [INFORMACIÓN] [GenericInstanceRegistry] Registered for itself: fr.neatmonster.nocheatplus.checks.moving.location.tracking.LocationTrace$TraceEntryPool
19-07-01 14:41:23 [INFORMACIÓN] [GenericInstanceRegistry] Registered for itself: fr.neatmonster.nocheatplus.utilities.entity.PassengerUtil
19-07-01 14:41:23 [INFORMACIÓN] [GenericInstanceRegistry] Registered for itself: java.util.Random
19-07-01 14:41:23 [INFORMACIÓN] [GenericInstanceRegistry] Registered for fr.neatmonster.nocheatplus.compat.IBridgeCrossPlugin: fr.neatmonster.nocheatplus.compat.meta.BridgeCrossPlugin
19-07-01 14:41:23 [INFORMACIÓN] [GenericInstanceRegistry] Registered for fr.neatmonster.nocheatplus.compat.MCAccess: fr.neatmonster.nocheatplus.compat.spigotcb1_8_R1.MCAccessSpigotCB1_8_R1
19-07-01 14:41:23 [INFORMACIÓN] [GenericInstanceRegistry] Registered for fr.neatmonster.nocheatplus.utilities.map.BlockCache: fr.neatmonster.nocheatplus.compat.spigotcb1_8_R1.BlockCacheSpigotCB1_8_R1
19-07-01 14:41:23 [INFORMACIÓN] [GenericInstanceRegistry] Registered for fr.neatmonster.nocheatplus.components.modifier.IAttributeAccess: fr.neatmonster.nocheatplus.compat.spigotcb1_8_R1.AttributeAccess
19-07-01 14:41:23 [INFORMACIÓN] [GenericInstanceRegistry] Registered for fr.neatmonster.nocheatplus.components.entity.IEntityAccessLastPositionAndLook: fr.neatmonster.nocheatplus.compat.cbreflect.reflect.ReflectEntityLastPositionAndLook
19-07-01 14:41:23 [INFORMACIÓN] [GenericInstanceRegistry] Registered for fr.neatmonster.nocheatplus.components.entity.IEntityAccessVehicle: fr.neatmonster.nocheatplus.compat.bukkit.EntityAccessVehicleLegacy
19-07-01 14:41:23 [INFORMACIÓN] [GenericInstanceRegistry] Registered for itself: fr.neatmonster.nocheatplus.checks.moving.util.AuxMoving
19-07-01 14:41:23 [INFORMACIÓN] Added hook: AllViolations(NCP) [1.0].
19-07-01 14:41:23 [INFORMACIÓN] Added hook: NPCDragDownHook | PNCP [2.0].
19-07-01 14:41:23 [INFORMACIÓN] Post-enable finished.
19-07-01 14:41:23 [ADVERTENCIA] The block breaking data is incomplete, default to allow instant breaking:
--- Missing entries -------------------------------
* MISSING (LOCKED_CHEST / SOLID+GROUND) 
19-07-01 14:41:24 [INFORMACIÓN] ---- Version information ----
#### Server ####
git-Spigot-550ebac-7019900 ~MC: 1.8~
  detected: 1.8
#### NoCheatPlus ####
Plugin: 3.16.0-RC-sMD5NET-b1134
MCAccess: 1.8 / Spigot-CB-1.8_R1
Features:
  blocks: BlocksMC1_4 | BlocksMC1_5 | BlocksMC1_6_1 | BlocksMC1_7_2 | BlocksMC1_8
  checks: FastConsume | Gutenberg | AttackFrequency | FlyingFrequency | KeepAliveFrequency
  defaults: pvpKnockBackVelocity
  packet-listeners: UseEntityAdapter | MovingFlying | OutgoingPosition | KeepAliveAdapter | SoundDistance | CatchAllAdapter
Hooks: AllViolations~NCP~ 1.0 | NPCDragDownHook | PNCP 2.0
#### Related Plugins ####
ProtocolLib v4.4.0 | ViaVersion v2.1.2 | PNCP v2.0
19-07-01 14:41:38 [INFORMACIÓN] PacketPlayOutPosition: Teleport confirm id not available, field mismatch: 0
19-07-01 15:42:16 [INFORMACIÓN] Removed hook: AllViolations(NCP) [1.0].
19-07-01 15:42:16 [INFORMACIÓN] Removed hook: NPCDragDownHook | PNCP [2.0].
19-07-01 15:42:16 [DETALLADO] | cancel.dead 0 | cancel.offline 0 | block.interact.look.current 602 (602/0) | block.interact.look.flying.first 22 (22/0) | block.interact.look.flying.other 18 (18/0) | illegalitem 0 | boatsanywhere 0 | throwenderpearl 0 | fakeinvulnerable 0 | eggonentity 0 | event.player.move 43602 (43602/0) | packet.nullplayer 0 | packet.inconsistent.isasync 0 | packet.flying 114515 (0/114515) | packet.flying.asynchronous 114515 (0/114515) | packet.outgoing_position.untracked 6 (6/0) | packet.sound.cancel 0 |
19-07-01 15:42:16 [INFORMACIÓN] [GenericInstanceRegistry] Registry cleared.
19-07-01 19:29:02 [INFO] Logger started.
19-07-01 19:29:02 [INFO] Logging system initialized.
19-07-01 19:29:02 [INFO] Detected Minecraft version: 1.8
19-07-01 19:29:34 [INFO] McAccess set to: 1.8 / Spigot-CB-1.8_R1
19-07-01 19:29:34 [INFO] Added block-info for Minecraft 1.5 blocks.
19-07-01 19:29:34 [INFO] Added block-info for Minecraft 1.6.1 blocks.
19-07-01 19:29:34 [INFO] Added block-info for Minecraft 1.7.2 blocks.
19-07-01 19:29:34 [INFO] Added block-info for Minecraft 1.8 blocks.
19-07-01 19:29:34 [INFO] Update block-info: WATER_LILY block shape patch for multi client protocol support around 1.7.x - 1.11.x.
19-07-01 19:29:34 [WARNING] Bad block id (compatibility.blocks.overrideflags): 208
19-07-01 19:29:34 [INFO] Inventory checks: FastConsume is available, disabled InstantEat.
19-07-01 19:29:34 [INFO] Adding packet level hooks for ProtocolLib (MC 1.8.0)...
19-07-01 19:29:34 [INFO] Confirm teleport packet available (via name): TELEPORT_ACCEPT[PLAY, CLIENT, 0, classNames: [PacketPlayInTeleportAccept] (unregistered)]
19-07-01 19:29:34 [INFO] Available (and activated) packet level hooks: UseEntityAdapter | MovingFlying | OutgoingPosition | KeepAliveAdapter | SoundDistance | CatchAllAdapter
19-07-01 19:29:34 [INFO] Version 3.16.0-RC-sMD5NET-b1134 is enabled.
19-07-01 19:29:54 [WARNING] The block breaking data is incomplete, default to allow instant breaking:
--- Missing entries -------------------------------
* MISSING (LOCKED_CHEST / SOLID+GROUND) 
19-07-01 19:29:54 [INFO] Post-enable running...
19-07-01 19:29:56 [INFO] Post-enable finished.
19-07-01 19:29:58 [INFO] [GenericInstanceRegistry] Registered for itself: fr.neatmonster.nocheatplus.stats.Counters
19-07-01 19:29:58 [INFO] [GenericInstanceRegistry] Registered for itself: fr.neatmonster.nocheatplus.checks.workaround.WRPT
19-07-01 19:29:58 [INFO] [GenericInstanceRegistry] Registered for itself: fr.neatmonster.nocheatplus.checks.moving.location.tracking.LocationTrace$TraceEntryPool
19-07-01 19:29:58 [INFO] [GenericInstanceRegistry] Registered for itself: fr.neatmonster.nocheatplus.utilities.entity.PassengerUtil
19-07-01 19:29:58 [INFO] [GenericInstanceRegistry] Registered for itself: java.util.Random
19-07-01 19:29:58 [INFO] [GenericInstanceRegistry] Registered for fr.neatmonster.nocheatplus.compat.IBridgeCrossPlugin: fr.neatmonster.nocheatplus.compat.meta.BridgeCrossPlugin
19-07-01 19:29:58 [INFO] [GenericInstanceRegistry] Registered for fr.neatmonster.nocheatplus.compat.MCAccess: fr.neatmonster.nocheatplus.compat.spigotcb1_8_R1.MCAccessSpigotCB1_8_R1
19-07-01 19:29:58 [INFO] [GenericInstanceRegistry] Registered for fr.neatmonster.nocheatplus.utilities.map.BlockCache: fr.neatmonster.nocheatplus.compat.spigotcb1_8_R1.BlockCacheSpigotCB1_8_R1
19-07-01 19:29:58 [INFO] [GenericInstanceRegistry] Registered for fr.neatmonster.nocheatplus.components.modifier.IAttributeAccess: fr.neatmonster.nocheatplus.compat.spigotcb1_8_R1.AttributeAccess
19-07-01 19:29:58 [INFO] [GenericInstanceRegistry] Registered for fr.neatmonster.nocheatplus.components.entity.IEntityAccessLastPositionAndLook: fr.neatmonster.nocheatplus.compat.cbreflect.reflect.ReflectEntityLastPositionAndLook
19-07-01 19:29:58 [INFO] [GenericInstanceRegistry] Registered for fr.neatmonster.nocheatplus.components.entity.IEntityAccessVehicle: fr.neatmonster.nocheatplus.compat.bukkit.EntityAccessVehicleLegacy
19-07-01 19:29:58 [INFO] [GenericInstanceRegistry] Registered for itself: fr.neatmonster.nocheatplus.checks.moving.util.AuxMoving
19-07-01 19:29:58 [INFO] Added hook: AllViolations(NCP) [1.0].
19-07-01 19:29:58 [INFO] Added hook: NPCDragDownHook | PNCP [2.0].
19-07-01 19:29:58 [INFO] ---- Version information ----
#### Server ####
git-Spigot-c3c767f-33d5de3 ~MC: 1.8~
  detected: 1.8
#### NoCheatPlus ####
Plugin: 3.16.0-RC-sMD5NET-b1134
MCAccess: 1.8 / Spigot-CB-1.8_R1
Features:
  blocks: BlocksMC1_4 | BlocksMC1_5 | BlocksMC1_6_1 | BlocksMC1_7_2 | BlocksMC1_8
  checks: FastConsume | Gutenberg | AttackFrequency | FlyingFrequency | KeepAliveFrequency
  defaults: pvpKnockBackVelocity
  packet-listeners: UseEntityAdapter | MovingFlying | OutgoingPosition | KeepAliveAdapter | SoundDistance | CatchAllAdapter
Hooks: AllViolations~NCP~ 1.0 | NPCDragDownHook | PNCP 2.0
#### Related Plugins ####
ProtocolLib v4.4.0 | ViaVersion v2.1.2 | PNCP v2.0
19-07-01 19:31:23 [INFO] PacketPlayOutPosition: Teleport confirm id not available, field mismatch: 0
